2020-04-08 20:55:28:908 [main] INFO  com.etsy.Pages.SignIn - Name of the passed testcase screenshot is: verifyForgotPwdLink.png
2020-04-08 20:55:28:918 [main] INFO  com.etsy.Pages.SignIn - Base -- Browser Closed
2020-04-08 20:55:42:281 [main] INFO  com.etsy.Pages.SignIn - Browser is up and running AND Application is launched successfully
2020-04-08 20:55:42:287 [main] INFO  com.etsy.Pages.SignIn - Name of the testcase is: verifyLoginFunctionality
2020-04-08 20:55:43:360 [main] INFO  com.etsy.Pages.HomePage - SigninPageTest: 3 - Logged into etsy.com site and navigated to the home page
2020-04-08 20:55:43:363 [main] INFO  com.etsy.Pages.HomePage - Test Case Passed is verifyLoginFunctionality
2020-04-08 20:55:43:404 [main] INFO  com.etsy.Pages.HomePage - Test Case Passed - so email is not sent
2020-04-08 20:55:43:976 [main] INFO  com.etsy.Pages.HomePage - Name of the passed testcase screenshot is: verifyLoginFunctionality.png
2020-04-08 20:55:43:976 [main] INFO  com.etsy.Pages.HomePage - Base -- Browser Closed
2020-04-08 20:55:58:296 [main] INFO  com.etsy.Pages.HomePage - Name of the testcase is: verifyHomePageTitle
2020-04-08 20:55:58:309 [main] INFO  com.etsy.Pages.HomePage - HomePageTest: 1 - Validated Home page title
2020-04-08 20:55:58:311 [main] INFO  com.etsy.Pages.HomePage - Test Case Passed is verifyHomePageTitle
2020-04-08 20:55:58:312 [main] INFO  com.etsy.Pages.HomePage - Test Case Passed - so email is not sent
2020-04-08 20:55:58:763 [main] INFO  com.etsy.Pages.HomePage - Name of the passed testcase screenshot is: verifyHomePageTitle.png
2020-04-08 20:55:58:764 [main] INFO  com.etsy.Pages.HomePage - Base -- Browser Closed
2020-04-08 20:56:07:470 [main] INFO  com.etsy.Pages.HomePage - Name of the testcase is: verifySigninOptiononHomePage
2020-04-08 20:56:07:547 [main] INFO  com.etsy.Pages.HomePage - HomePageTest: 2 - Validated the presence of signin option in home page
2020-04-08 20:56:07:549 [main] INFO  com.etsy.Pages.HomePage - Test Case Passed is verifySigninOptiononHomePage
2020-04-08 20:56:07:550 [main] INFO  com.etsy.Pages.HomePage - Test Case Passed - so email is not sent
2020-04-08 20:56:08:337 [main] INFO  com.etsy.Pages.HomePage - Name of the passed testcase screenshot is: verifySigninOptiononHomePage.png
2020-04-08 20:56:08:337 [main] INFO  com.etsy.Pages.HomePage - Base -- Browser Closed
2020-04-08 20:56:16:317 [main] INFO  com.etsy.Pages.HomePage - Name of the testcase is: verifySearchFunctionality
2020-04-08 20:56:24:181 [main] INFO  com.etsy.Pages.HomePage - HomePageTest: 3 - Validated search for functionality
2020-04-08 20:56:24:186 [main] INFO  com.etsy.Pages.HomePage - Test Case Passed is verifySearchFunctionality
2020-04-08 20:56:24:186 [main] INFO  com.etsy.Pages.HomePage - Test Case Passed - so email is not sent
2020-04-08 20:56:24:846 [main] INFO  com.etsy.Pages.HomePage - Name of the passed testcase screenshot is: verifySearchFunctionality.png
2020-04-08 20:56:24:847 [main] INFO  com.etsy.Pages.HomePage - Base -- Browser Closed
2020-04-08 20:56:35:737 [main] INFO  com.etsy.Pages.HomeAndLiving - Name of the testcase is: verifyHomeNLivingTitle
2020-04-08 20:56:37:249 [main] INFO  com.etsy.Pages.HomeAndLiving - HomeNLivingTest: 1 - Validated HomeNLiving Title
2020-04-08 20:56:37:251 [main] INFO  com.etsy.Pages.HomeAndLiving - Test Case Passed is verifyHomeNLivingTitle
2020-04-08 20:56:37:251 [main] INFO  com.etsy.Pages.HomeAndLiving - Test Case Passed - so email is not sent
2020-04-08 20:56:38:786 [main] INFO  com.etsy.Pages.HomeAndLiving - Name of the passed testcase screenshot is: verifyHomeNLivingTitle.png
2020-04-08 20:56:38:786 [main] INFO  com.etsy.Pages.HomeAndLiving - Base -- Browser Closed
2020-04-08 20:56:48:642 [main] INFO  com.etsy.Pages.HomeAndLiving - Name of the testcase is: verifySigninOptionIsPresent
2020-04-08 20:56:55:003 [main] INFO  com.etsy.Pages.HomeAndLiving - HomeNLivingTest: 2 - Validated the presence of signin option
2020-04-08 20:56:55:005 [main] INFO  com.etsy.Pages.HomeAndLiving - Test Case Passed is verifySigninOptionIsPresent
2020-04-08 20:56:55:006 [main] INFO  com.etsy.Pages.HomeAndLiving - Test Case Passed - so email is not sent
2020-04-08 20:56:55:610 [main] INFO  com.etsy.Pages.HomeAndLiving - Name of the passed testcase screenshot is: verifySigninOptionIsPresent.png
2020-04-08 20:56:55:610 [main] INFO  com.etsy.Pages.HomeAndLiving - Base -- Browser Closed
2020-04-08 20:57:04:935 [main] INFO  com.etsy.Pages.HomeAndLiving - Name of the testcase is: verifySortByFunctionality
2020-04-08 20:57:16:366 [main] INFO  com.etsy.Pages.HomeAndLiving - HomeNLivingTest: 3 - Validated Sort By dropdown
2020-04-08 20:57:16:369 [main] INFO  com.etsy.Pages.HomeAndLiving - Test Case Passed is verifySortByFunctionality
2020-04-08 20:57:16:370 [main] INFO  com.etsy.Pages.HomeAndLiving - Test Case Passed - so email is not sent
2020-04-08 20:57:17:593 [main] INFO  com.etsy.Pages.HomeAndLiving - Name of the passed testcase screenshot is: verifySortByFunctionality.png
