2020-04-07 23:16:50:258 [main] INFO  com.etsy.Pages.SignIn - Name of the passed testcase screenshot is: verifyForgotPwdLink.png
2020-04-07 23:16:50:293 [main] INFO  com.etsy.Pages.SignIn - Base -- Browser Closed
2020-04-07 23:16:59:798 [main] INFO  com.etsy.Pages.SignIn - Browser is up and running AND Application is launched successfully
2020-04-07 23:16:59:802 [main] INFO  com.etsy.Pages.SignIn - Name of the testcase is: verifyLoginFunctionality
2020-04-07 23:17:01:893 [main] INFO  com.etsy.Pages.HomePage - SigninPageTest: 3 - Logged into etsy.com site and navigated to the home page
2020-04-07 23:17:01:896 [main] INFO  com.etsy.Pages.HomePage - Base --Test Case Passed is verifyLoginFunctionality
2020-04-07 23:17:01:900 [main] INFO  com.etsy.Pages.HomePage - Base --Test Case Passed - so email is not sent
2020-04-07 23:17:02:821 [main] INFO  com.etsy.Pages.HomePage - Name of the passed testcase screenshot is: verifyLoginFunctionality.png
2020-04-07 23:17:02:821 [main] INFO  com.etsy.Pages.HomePage - Base -- Browser Closed
2020-04-07 23:17:13:972 [main] INFO  com.etsy.Pages.HomePage - Name of the testcase is: verifyHomePageTitle
2020-04-07 23:17:13:991 [main] INFO  com.etsy.Pages.HomePage - HomePageTest: 1 - Validated Home page title
2020-04-07 23:17:13:994 [main] INFO  com.etsy.Pages.HomePage - Base --Test Case Passed is verifyHomePageTitle
2020-04-07 23:17:13:995 [main] INFO  com.etsy.Pages.HomePage - Base --Test Case Passed - so email is not sent
2020-04-07 23:17:15:060 [main] INFO  com.etsy.Pages.HomePage - Name of the passed testcase screenshot is: verifyHomePageTitle.png
2020-04-07 23:17:15:061 [main] INFO  com.etsy.Pages.HomePage - Base -- Browser Closed
2020-04-07 23:17:30:418 [main] INFO  com.etsy.Pages.HomePage - Name of the testcase is: verifySigninOptiononHomePage
2020-04-07 23:17:30:742 [main] INFO  com.etsy.Pages.HomePage - HomePageTest: 2 - Validated the presence of signin option in home page
2020-04-07 23:17:30:745 [main] INFO  com.etsy.Pages.HomePage - Base --Test Case Passed is verifySigninOptiononHomePage
2020-04-07 23:17:30:745 [main] INFO  com.etsy.Pages.HomePage - Base --Test Case Passed - so email is not sent
2020-04-07 23:17:31:971 [main] INFO  com.etsy.Pages.HomePage - Name of the passed testcase screenshot is: verifySigninOptiononHomePage.png
2020-04-07 23:17:31:972 [main] INFO  com.etsy.Pages.HomePage - Base -- Browser Closed
2020-04-07 23:17:45:722 [main] INFO  com.etsy.Pages.HomePage - Name of the testcase is: verifySearchFunctionality
2020-04-07 23:17:52:649 [main] INFO  com.etsy.Pages.HomePage - HomePageTest: 3 - Validated search for functionality
2020-04-07 23:17:52:652 [main] INFO  com.etsy.Pages.HomePage - Base --Test Case Passed is verifySearchFunctionality
2020-04-07 23:17:52:652 [main] INFO  com.etsy.Pages.HomePage - Base --Test Case Passed - so email is not sent
2020-04-07 23:17:54:551 [main] INFO  com.etsy.Pages.HomePage - Name of the passed testcase screenshot is: verifySearchFunctionality.png
2020-04-07 23:17:54:552 [main] INFO  com.etsy.Pages.HomePage - Base -- Browser Closed
2020-04-07 23:18:04:597 [main] INFO  com.etsy.Pages.HomeAndLiving - Name of the testcase is: verifyHomeNLivingTitle
2020-04-07 23:18:10:169 [main] INFO  com.etsy.Pages.HomeAndLiving - HomeNLivingTest: 1 - Validated HomeNLiving Title
2020-04-07 23:18:10:171 [main] INFO  com.etsy.Pages.HomeAndLiving - Base --Test Case Passed is verifyHomeNLivingTitle
2020-04-07 23:18:10:172 [main] INFO  com.etsy.Pages.HomeAndLiving - Base --Test Case Passed - so email is not sent
2020-04-07 23:18:11:408 [main] INFO  com.etsy.Pages.HomeAndLiving - Name of the passed testcase screenshot is: verifyHomeNLivingTitle.png
2020-04-07 23:18:11:408 [main] INFO  com.etsy.Pages.HomeAndLiving - Base -- Browser Closed
2020-04-07 23:18:22:529 [main] INFO  com.etsy.Pages.HomeAndLiving - Name of the testcase is: verifySigninOptionIsPresent
2020-04-07 23:18:27:595 [main] INFO  com.etsy.Pages.HomeAndLiving - HomeNLivingTest: 2 - Validated the presence of signin option
2020-04-07 23:18:27:598 [main] INFO  com.etsy.Pages.HomeAndLiving - Base --Test Case Passed is verifySigninOptionIsPresent
2020-04-07 23:18:27:598 [main] INFO  com.etsy.Pages.HomeAndLiving - Base --Test Case Passed - so email is not sent
2020-04-07 23:18:28:891 [main] INFO  com.etsy.Pages.HomeAndLiving - Name of the passed testcase screenshot is: verifySigninOptionIsPresent.png
2020-04-07 23:18:28:891 [main] INFO  com.etsy.Pages.HomeAndLiving - Base -- Browser Closed
2020-04-07 23:18:44:373 [main] INFO  com.etsy.Pages.HomeAndLiving - Name of the testcase is: verifySortByFunctionality
2020-04-07 23:19:00:659 [main] INFO  com.etsy.Pages.HomeAndLiving - HomeNLivingTest: 3 - Validated Sort By dropdown
2020-04-07 23:19:00:661 [main] INFO  com.etsy.Pages.HomeAndLiving - Base --Test Case Passed is verifySortByFunctionality
2020-04-07 23:19:00:661 [main] INFO  com.etsy.Pages.HomeAndLiving - Base --Test Case Passed - so email is not sent
